<?xml version="1.0" encoding="UTF-8"?>
<!-- Generated by org.testng.reporters.JUnitReportReporter -->
<testsuite hostname="DESKTOP-4EHNAOM" failures="0" tests="15" name="com.AbodooApi.Testing.AbobooTest" time="20.683" errors="1" timestamp="2024-01-03T17:05:03 IST" skipped="0">
  <testcase classname="com.AbodooApi.Testing.AbobooTest" name="AbodootestApi" time="0.276"/>
  <system-out/>
  <testcase classname="com.AbodooApi.Testing.AbobooTest" name="AbodootestApi" time="0.282"/>
  <system-out/>
  <testcase classname="com.AbodooApi.Testing.AbobooTest" name="AbodootestApi" time="0.246"/>
  <system-out/>
  <testcase classname="com.AbodooApi.Testing.AbobooTest" name="AbodootestApi" time="0.303"/>
  <system-out/>
  <testcase classname="com.AbodooApi.Testing.AbobooTest" name="AbodootestApi" time="0.241"/>
  <system-out/>
  <testcase classname="com.AbodooApi.Testing.AbobooTest" name="AbodootestApi" time="0.249"/>
  <system-out/>
  <testcase classname="com.AbodooApi.Testing.AbobooTest" name="AbodootestApi" time="0.231"/>
  <system-out/>
  <testcase classname="com.AbodooApi.Testing.AbobooTest" name="AbodootestApi" time="0.234"/>
  <system-out/>
  <testcase classname="com.AbodooApi.Testing.AbobooTest" name="AbodootestApi" time="0.271"/>
  <system-out/>
  <testcase classname="com.AbodooApi.Testing.AbobooTest" name="AbodootestApi" time="1.113"/>
  <system-out/>
  <testcase classname="com.AbodooApi.Testing.AbobooTest" name="AbodootestApi" time="0.217"/>
  <system-out/>
  <testcase classname="com.AbodooApi.Testing.AbobooTest" name="AbodootestApi" time="4.610"/>
  <system-out/>
  <testcase classname="com.AbodooApi.Testing.AbobooTest" name="AbodootestApi" time="0.245"/>
  <system-out/>
  <testcase classname="com.AbodooApi.Testing.AbobooTest" name="AbodootestApi" time="0.263"/>
  <system-out/>
  <testcase classname="com.AbodooApi.Testing.AbobooTest" name="AbodootestApi" time="11.902">
    <error message="
[public void com.AbodooApi.Testing.AbobooTest.AbodootestApi(java.lang.String,java.lang.String,java.lang.String,java.lang.String,java.lang.String,double,java.lang.String,double)] has no parameters defined but was found to be using a data provider (either explicitly specified or inherited from class level annotation).
Data provider mismatch
Method: AbodootestApi([Parameter{index=0, type=java.lang.String, declaredAnnotations=[]}, Parameter{index=1, type=java.lang.String, declaredAnnotations=[]}, Parameter{index=2, type=java.lang.String, declaredAnnotations=[]}, Parameter{index=3, type=java.lang.String, declaredAnnotations=[]}, Parameter{index=4, type=java.lang.String, declaredAnnotations=[]}, Parameter{index=5, type=double, declaredAnnotations=[]}, Parameter{index=6, type=java.lang.String, declaredAnnotations=[]}, Parameter{index=7, type=double, declaredAnnotations=[]}])
Arguments: [(java.lang.String) Row16,(java.lang.String) Delete Resume,(java.lang.String) POST,(java.lang.String) getSignedUrltoDelete,(java.lang.String)  {
    &quot;Key&quot;: &quot;resume/Form2 (2) (1).pdf&quot;
  },(java.lang.Double) 200.0,(java.lang.Boolean) true,(java.lang.Double) 400.0]" type="org.testng.internal.reflect.MethodMatcherException">
      <![CDATA[org.testng.internal.reflect.MethodMatcherException: 
[public void com.AbodooApi.Testing.AbobooTest.AbodootestApi(java.lang.String,java.lang.String,java.lang.String,java.lang.String,java.lang.String,double,java.lang.String,double)] has no parameters defined but was found to be using a data provider (either explicitly specified or inherited from class level annotation).
Data provider mismatch
Method: AbodootestApi([Parameter{index=0, type=java.lang.String, declaredAnnotations=[]}, Parameter{index=1, type=java.lang.String, declaredAnnotations=[]}, Parameter{index=2, type=java.lang.String, declaredAnnotations=[]}, Parameter{index=3, type=java.lang.String, declaredAnnotations=[]}, Parameter{index=4, type=java.lang.String, declaredAnnotations=[]}, Parameter{index=5, type=double, declaredAnnotations=[]}, Parameter{index=6, type=java.lang.String, declaredAnnotations=[]}, Parameter{index=7, type=double, declaredAnnotations=[]}])
Arguments: [(java.lang.String) Row16,(java.lang.String) Delete Resume,(java.lang.String) POST,(java.lang.String) getSignedUrltoDelete,(java.lang.String)  {
    "Key": "resume/Form2 (2) (1).pdf"
  },(java.lang.Double) 200.0,(java.lang.Boolean) true,(java.lang.Double) 400.0]
at org.testng.internal.reflect.DataProviderMethodMatcher.getConformingArguments(DataProviderMethodMatcher.java:43)
at org.testng.internal.Parameters.injectParameters(Parameters.java:914)
at org.testng.internal.MethodRunner.runInSequence(MethodRunner.java:34)
at org.testng.internal.TestInvoker$MethodInvocationAgent.invoke(TestInvoker.java:824)
at org.testng.internal.TestInvoker.invokeTestMethods(TestInvoker.java:146)
at org.testng.internal.TestMethodWorker.invokeTestMethods(TestMethodWorker.java:146)
at org.testng.internal.TestMethodWorker.run(TestMethodWorker.java:128)
at java.base/java.util.ArrayList.forEach(ArrayList.java:1511)
at org.testng.TestRunner.privateRun(TestRunner.java:794)
at org.testng.TestRunner.run(TestRunner.java:596)
at org.testng.SuiteRunner.runTest(SuiteRunner.java:377)
at org.testng.SuiteRunner.runSequentially(SuiteRunner.java:371)
at org.testng.SuiteRunner.privateRun(SuiteRunner.java:332)
at org.testng.SuiteRunner.run(SuiteRunner.java:276)
at org.testng.SuiteRunnerWorker.runSuite(SuiteRunnerWorker.java:53)
at org.testng.SuiteRunnerWorker.run(SuiteRunnerWorker.java:96)
at org.testng.TestNG.runSuitesSequentially(TestNG.java:1212)
at org.testng.TestNG.runSuitesLocally(TestNG.java:1134)
at org.testng.TestNG.runSuites(TestNG.java:1063)
at org.testng.TestNG.run(TestNG.java:1031)
at org.testng.remote.AbstractRemoteTestNG.run(AbstractRemoteTestNG.java:115)
at org.testng.remote.RemoteTestNG.initAndRun(RemoteTestNG.java:251)
at org.testng.remote.RemoteTestNG.main(RemoteTestNG.java:77)
]]>
    </error>
  </testcase> <!-- AbodootestApi -->
  <system-out/>
</testsuite> <!-- com.AbodooApi.Testing.AbobooTest -->
